Using pre-set license
Built from '2020.3/staging' branch; Version is '2020.3.10f1 (297d780c91bc) revision 2719096'; Using compiler version '192528614'; Build Type 'Release'
OS: 'Windows 10 Pro; OS build 19042.1052; Version 2009; 64bit' Language: 'ru' Physical Memory: 8174 MB
BatchMode: 1, IsHumanControllingUs: 0, StartBugReporterOnCrash: 0, Is64bit: 1, IsPro: 0

 COMMAND LINE ARGUMENTS:
E:\Programs\Unity\2020.3.10f1\Editor\Unity.exe
-adb2
-batchMode
-noUpm
-name
AssetImportWorker0
-projectPath
E:/Projects/Unity/Test Arrible
-logFile
Logs/AssetImportWorker0.log
-srvPort
51398
Successfully changed project path to: E:/Projects/Unity/Test Arrible
E:/Projects/Unity/Test Arrible
Using Asset Import Pipeline V2.
Refreshing native plugins compatible for Editor in 60.07 ms, found 2 plugins.
Preloading 0 native plugins for Editor in 0.00 ms.
Initialize engine version: 2020.3.10f1 (297d780c91bc)
[Subsystems] Discovering subsystems at path E:/Programs/Unity/2020.3.10f1/Editor/Data/Resources/UnitySubsystems
[Subsystems] Discovering subsystems at path E:/Projects/Unity/Test Arrible/Assets
GfxDevice: creating device client; threaded=0
Direct3D:
    Version:  Direct3D 11.0 [level 11.0]
    Renderer: NVIDIA GeForce GT 440 (ID=0xde0)
    Vendor:   
    VRAM:     2000 MB
    Driver:   23.21.13.8813
Initialize mono
Mono path[0] = 'E:/Programs/Unity/2020.3.10f1/Editor/Data/Managed'
Mono path[1] = 'E:/Programs/Unity/2020.3.10f1/Editor/Data/MonoBleedingEdge/lib/mono/unityjit'
Mono config path = 'E:/Programs/Unity/2020.3.10f1/Editor/Data/MonoBleedingEdge/etc'
Using monoOptions --debugger-agent=transport=dt_socket,embedding=1,server=y,suspend=n,address=127.0.0.1:56300
Begin MonoManager ReloadAssembly
Registering precompiled unity dll's ...
Register platform support module: E:/Programs/Unity/2020.3.10f1/Editor/Data/PlaybackEngines/WindowsStandaloneSupport/UnityEditor.WindowsStandalone.Extensions.dll
Registered in 0.001945 seconds.
Native extension for WindowsStandalone target not found
Refreshing native plugins compatible for Editor in 53.97 ms, found 2 plugins.
Preloading 0 native plugins for Editor in 0.00 ms.
Mono: successfully reloaded assembly
- Completed reload, in  3.039 seconds
Platform modules already initialized, skipping
Registering precompiled user dll's ...
Registered in 0.005188 seconds.
Begin MonoManager ReloadAssembly
Native extension for WindowsStandalone target not found
Refreshing native plugins compatible for Editor in 0.63 ms, found 2 plugins.
Preloading 0 native plugins for Editor in 0.00 ms.
Mono: successfully reloaded assembly
- Completed reload, in  1.783 seconds
Platform modules already initialized, skipping
========================================================================
Worker process is ready to serve import requests
Launched and connected shader compiler UnityShaderCompiler.exe after 0.07 seconds
Refreshing native plugins compatible for Editor in 0.52 ms, found 2 plugins.
Preloading 0 native plugins for Editor in 0.00 ms.
Unloading 1440 Unused Serialized files (Serialized files now loaded: 0)
System memory in use before: 69.0 MB.
System memory in use after: 69.0 MB.

Unloading 19 unused Assets to reduce memory usage. Loaded Objects now: 1877.
Total: 3.500800 ms (FindLiveObjects: 0.323200 ms CreateObjectMapping: 0.078100 ms MarkObjects: 2.954100 ms  DeleteObjects: 0.142700 ms)

========================================================================
Received Import Request.
  path: Assets/Standard Assets/Utility
  artifactKey: Guid(4539eb30e895bbb41b5eae6df2dde978) Importer(815301076,1909f56bfc062723c751e8b465ee728b)
Start importing Assets/Standard Assets/Utility using Guid(4539eb30e895bbb41b5eae6df2dde978) Importer(815301076,1909f56bfc062723c751e8b465ee728b)  -> (artifact id: 'a8c28e6f567ae02e255e31130561b338') in 0.009350 seconds
  Import took 0.013293 seconds .

========================================================================
Received Import Request.
  Time since last request: 0.000233 seconds.
  path: Assets/Standard Assets/Characters/FirstPersonCharacter
  artifactKey: Guid(943e057eaae705e43b9e9b2e53d6adb0) Importer(815301076,1909f56bfc062723c751e8b465ee728b)
Start importing Assets/Standard Assets/Characters/FirstPersonCharacter using Guid(943e057eaae705e43b9e9b2e53d6adb0) Importer(815301076,1909f56bfc062723c751e8b465ee728b)  -> (artifact id: 'b076c045d807e8a0c94b3845103f6f47') in 0.021823 seconds
  Import took 0.025822 seconds .

========================================================================
Received Import Request.
  Time since last request: 3.095063 seconds.
  path: Assets/Standard Assets/Characters/RollerBall
  artifactKey: Guid(438c5036def53d643a5c720213903c0f) Importer(815301076,1909f56bfc062723c751e8b465ee728b)
Start importing Assets/Standard Assets/Characters/RollerBall using Guid(438c5036def53d643a5c720213903c0f) Importer(815301076,1909f56bfc062723c751e8b465ee728b)  -> (artifact id: '1e139ee53dc6f1b0167ce8a26c578b0e') in 0.010680 seconds
  Import took 0.035259 seconds .

========================================================================
Received Import Request.
  Time since last request: 3.661698 seconds.
  path: Assets/Standard Assets/Characters/ThirdPersonCharacter
  artifactKey: Guid(8912f13e18e67bc478684ec30d73bc64) Importer(815301076,1909f56bfc062723c751e8b465ee728b)
Start importing Assets/Standard Assets/Characters/ThirdPersonCharacter using Guid(8912f13e18e67bc478684ec30d73bc64) Importer(815301076,1909f56bfc062723c751e8b465ee728b)  -> (artifact id: '14bd6db113c90d538aa80feb572bdcdf') in 0.018489 seconds
  Import took 0.035063 seconds .

========================================================================
Received Import Request.
  Time since last request: 2.177946 seconds.
  path: Assets/Standard Assets/PhysicsMaterials
  artifactKey: Guid(5eebb5849c50a2c4ea24ded96e6f3aac) Importer(815301076,1909f56bfc062723c751e8b465ee728b)
Start importing Assets/Standard Assets/PhysicsMaterials using Guid(5eebb5849c50a2c4ea24ded96e6f3aac) Importer(815301076,1909f56bfc062723c751e8b465ee728b)  -> (artifact id: 'fa481b28a8e525fc0e108fef3e40c030') in 0.018187 seconds
  Import took 0.023485 seconds .

========================================================================
Received Import Request.
  Time since last request: 23.234070 seconds.
  path: Assets/Standard Assets/Characters/ThirdPersonCharacter/Scripts
  artifactKey: Guid(3ee9c33ffee000840b0fed14ec400bc9) Importer(815301076,1909f56bfc062723c751e8b465ee728b)
Start importing Assets/Standard Assets/Characters/ThirdPersonCharacter/Scripts using Guid(3ee9c33ffee000840b0fed14ec400bc9) Importer(815301076,1909f56bfc062723c751e8b465ee728b)  -> (artifact id: '0939be9ee0ffbb2138fbc8b65ec77c77') in 0.040980 seconds
  Import took 0.047497 seconds .

========================================================================
Received Prepare
Registering precompiled user dll's ...
Registered in 0.005571 seconds.
Begin MonoManager ReloadAssembly
Native extension for WindowsStandalone target not found
Refreshing native plugins compatible for Editor in 0.64 ms, found 2 plugins.
Preloading 0 native plugins for Editor in 0.00 ms.
Mono: successfully reloaded assembly
- Completed reload, in  1.655 seconds
Platform modules already initialized, skipping
Refreshing native plugins compatible for Editor in 0.57 ms, found 2 plugins.
Preloading 0 native plugins for Editor in 0.00 ms.
Unloading 1404 Unused Serialized files (Serialized files now loaded: 0)
System memory in use before: 68.3 MB.
System memory in use after: 68.4 MB.

Unloading 45 unused Assets to reduce memory usage. Loaded Objects now: 1849.
Total: 2.926800 ms (FindLiveObjects: 0.288500 ms CreateObjectMapping: 0.080900 ms MarkObjects: 2.142100 ms  DeleteObjects: 0.413100 ms)

========================================================================
Received Import Request.
  Time since last request: 7.908000 seconds.
  path: Assets/Standard Assets/Characters/ThirdPersonCharacter/Textures
  artifactKey: Guid(0de3730b71e479c47995d4a98395073e) Importer(815301076,1909f56bfc062723c751e8b465ee728b)
Start importing Assets/Standard Assets/Characters/ThirdPersonCharacter/Textures using Guid(0de3730b71e479c47995d4a98395073e) Importer(815301076,1909f56bfc062723c751e8b465ee728b)  -> (artifact id: '6f41bb0bc06f90718c7b7494069a94be') in 0.013156 seconds
  Import took 0.017139 seconds .

========================================================================
Received Import Request.
  Time since last request: 0.009621 seconds.
  path: Assets/Standard Assets/Characters/ThirdPersonCharacter/Textures
  artifactKey: Guid(0de3730b71e479c47995d4a98395073e) Importer(815301076,1909f56bfc062723c751e8b465ee728b)
Start importing Assets/Standard Assets/Characters/ThirdPersonCharacter/Textures using Guid(0de3730b71e479c47995d4a98395073e) Importer(815301076,1909f56bfc062723c751e8b465ee728b)  -> (artifact id: '6f41bb0bc06f90718c7b7494069a94be') in 0.003181 seconds
  Import took 0.007570 seconds .

========================================================================
Received Import Request.
  Time since last request: 1.345487 seconds.
  path: Assets/Standard Assets/Characters/ThirdPersonCharacter/ThirdPersonCharacterGuidelines.txt
  artifactKey: Guid(af82a5dcdad0f544c99fd1a84212021d) Importer(815301076,1909f56bfc062723c751e8b465ee728b)
Start importing Assets/Standard Assets/Characters/ThirdPersonCharacter/ThirdPersonCharacterGuidelines.txt using Guid(af82a5dcdad0f544c99fd1a84212021d) Importer(815301076,1909f56bfc062723c751e8b465ee728b)  -> (artifact id: 'c3c705483f1daded93955f804d37bbb5') in 0.074131 seconds
  Import took 0.080407 seconds .

========================================================================
Received Prepare
Registering precompiled user dll's ...
Registered in 0.007568 seconds.
Begin MonoManager ReloadAssembly
Native extension for WindowsStandalone target not found
Refreshing native plugins compatible for Editor in 0.65 ms, found 2 plugins.
Preloading 0 native plugins for Editor in 0.00 ms.
Mono: successfully reloaded assembly
- Completed reload, in  1.585 seconds
Platform modules already initialized, skipping
Refreshing native plugins compatible for Editor in 0.58 ms, found 2 plugins.
Preloading 0 native plugins for Editor in 0.00 ms.
Unloading 1404 Unused Serialized files (Serialized files now loaded: 0)
System memory in use before: 68.2 MB.
System memory in use after: 68.3 MB.

Unloading 14 unused Assets to reduce memory usage. Loaded Objects now: 1852.
Total: 2.791600 ms (FindLiveObjects: 0.300100 ms CreateObjectMapping: 0.076600 ms MarkObjects: 2.324100 ms  DeleteObjects: 0.088900 ms)

AssetImportWorkerClient::OnTransportError - code=2 error=End of file
